Determining if the pthread_create exist failed with the following output:
Change Dir: /home/ringo/selfDrive_ws/build/darknet_ros_msgs/CMakeFiles/CMakeTmp

Run Build Command:"/usr/bin/make" "cmTC_d27ae/fast"
/usr/bin/make -f CMakeFiles/cmTC_d27ae.dir/build.make CMakeFiles/cmTC_d27ae.dir/build
make[1]: Entering directory '/home/ringo/selfDrive_ws/build/darknet_ros_msgs/CMakeFiles/CMakeTmp'
Building C object CMakeFiles/cmTC_d27ae.dir/CheckSymbolExists.c.o
/usr/bin/cc    -o CMakeFiles/cmTC_d27ae.dir/CheckSymbolExists.c.o   -c /home/ringo/selfDrive_ws/build/darknet_ros_msgs/CMakeFiles/CMakeTmp/CheckSymbolExists.c
Linking C executable cmTC_d27ae
/usr/bin/cmake -E cmake_link_script CMakeFiles/cmTC_d27ae.dir/link.txt --verbose=1
/usr/bin/cc      -rdynamic CMakeFiles/cmTC_d27ae.dir/CheckSymbolExists.c.o  -o cmTC_d27ae 
CMakeFiles/cmTC_d27ae.dir/CheckSymbolExists.c.o: In function `main':
CheckSymbolExists.c:(.text+0x1b): undefined reference to `pthread_create'
collect2: error: ld returned 1 exit status
CMakeFiles/cmTC_d27ae.dir/build.make:97: recipe for target 'cmTC_d27ae' failed
make[1]: *** [cmTC_d27ae] Error 1
make[1]: Leaving directory '/home/ringo/selfDrive_ws/build/darknet_ros_msgs/CMakeFiles/CMakeTmp'
Makefile:126: recipe for target 'cmTC_d27ae/fast' failed
make: *** [cmTC_d27ae/fast] Error 2

File /home/ringo/selfDrive_ws/build/darknet_ros_msgs/CMakeFiles/CMakeTmp/CheckSymbolExists.c:
/* */
#include <pthread.h>

int main(int argc, char** argv)
{
  (void)argv;
#ifndef pthread_create
  return ((int*)(&pthread_create))[argc];
#else
  (void)argc;
  return 0;
#endif
}

Determining if the function pthread_create exists in the pthreads failed with the following output:
Change Dir: /home/ringo/selfDrive_ws/build/darknet_ros_msgs/CMakeFiles/CMakeTmp

Run Build Command:"/usr/bin/make" "cmTC_183cf/fast"
/usr/bin/make -f CMakeFiles/cmTC_183cf.dir/build.make CMakeFiles/cmTC_183cf.dir/build
make[1]: Entering directory '/home/ringo/selfDrive_ws/build/darknet_ros_msgs/CMakeFiles/CMakeTmp'
Building C object CMakeFiles/cmTC_183cf.dir/CheckFunctionExists.c.o
/usr/bin/cc   -DCHECK_FUNCTION_EXISTS=pthread_create   -o CMakeFiles/cmTC_183cf.dir/CheckFunctionExists.c.o   -c /usr/share/cmake-3.10/Modules/CheckFunctionExists.c
Linking C executable cmTC_183cf
/usr/bin/cmake -E cmake_link_script CMakeFiles/cmTC_183cf.dir/link.txt --verbose=1
/usr/bin/cc  -DCHECK_FUNCTION_EXISTS=pthread_create    -rdynamic CMakeFiles/cmTC_183cf.dir/CheckFunctionExists.c.o  -o cmTC_183cf -lpthreads 
/usr/bin/ld: cannot find -lpthreads
collect2: error: ld returned 1 exit status
CMakeFiles/cmTC_183cf.dir/build.make:97: recipe for target 'cmTC_183cf' failed
make[1]: *** [cmTC_183cf] Error 1
make[1]: Leaving directory '/home/ringo/selfDrive_ws/build/darknet_ros_msgs/CMakeFiles/CMakeTmp'
Makefile:126: recipe for target 'cmTC_183cf/fast' failed
make: *** [cmTC_183cf/fast] Error 2


