Determining if the pthread_create exist failed with the following output:
Change Dir: /home/ringo/selfDrive_ws/build/catkin_tools_prebuild/CMakeFiles/CMakeTmp

Run Build Command:"/usr/bin/make" "cmTC_36ab9/fast"
/usr/bin/make -f CMakeFiles/cmTC_36ab9.dir/build.make CMakeFiles/cmTC_36ab9.dir/build
make[1]: Entering directory '/home/ringo/selfDrive_ws/build/catkin_tools_prebuild/CMakeFiles/CMakeTmp'
Building C object CMakeFiles/cmTC_36ab9.dir/CheckSymbolExists.c.o
/usr/bin/cc    -o CMakeFiles/cmTC_36ab9.dir/CheckSymbolExists.c.o   -c /home/ringo/selfDrive_ws/build/catkin_tools_prebuild/CMakeFiles/CMakeTmp/CheckSymbolExists.c
Linking C executable cmTC_36ab9
/usr/bin/cmake -E cmake_link_script CMakeFiles/cmTC_36ab9.dir/link.txt --verbose=1
/usr/bin/cc      -rdynamic CMakeFiles/cmTC_36ab9.dir/CheckSymbolExists.c.o  -o cmTC_36ab9 
CMakeFiles/cmTC_36ab9.dir/CheckSymbolExists.c.o: In function `main':
CheckSymbolExists.c:(.text+0x1b): undefined reference to `pthread_create'
collect2: error: ld returned 1 exit status
CMakeFiles/cmTC_36ab9.dir/build.make:97: recipe for target 'cmTC_36ab9' failed
make[1]: *** [cmTC_36ab9] Error 1
make[1]: Leaving directory '/home/ringo/selfDrive_ws/build/catkin_tools_prebuild/CMakeFiles/CMakeTmp'
Makefile:126: recipe for target 'cmTC_36ab9/fast' failed
make: *** [cmTC_36ab9/fast] Error 2

File /home/ringo/selfDrive_ws/build/catkin_tools_prebuild/CMakeFiles/CMakeTmp/CheckSymbolExists.c:
/* */
#include <pthread.h>

int main(int argc, char** argv)
{
  (void)argv;
#ifndef pthread_create
  return ((int*)(&pthread_create))[argc];
#else
  (void)argc;
  return 0;
#endif
}

Determining if the function pthread_create exists in the pthreads failed with the following output:
Change Dir: /home/ringo/selfDrive_ws/build/catkin_tools_prebuild/CMakeFiles/CMakeTmp

Run Build Command:"/usr/bin/make" "cmTC_def44/fast"
/usr/bin/make -f CMakeFiles/cmTC_def44.dir/build.make CMakeFiles/cmTC_def44.dir/build
make[1]: Entering directory '/home/ringo/selfDrive_ws/build/catkin_tools_prebuild/CMakeFiles/CMakeTmp'
Building C object CMakeFiles/cmTC_def44.dir/CheckFunctionExists.c.o
/usr/bin/cc   -DCHECK_FUNCTION_EXISTS=pthread_create   -o CMakeFiles/cmTC_def44.dir/CheckFunctionExists.c.o   -c /usr/share/cmake-3.10/Modules/CheckFunctionExists.c
Linking C executable cmTC_def44
/usr/bin/cmake -E cmake_link_script CMakeFiles/cmTC_def44.dir/link.txt --verbose=1
/usr/bin/cc  -DCHECK_FUNCTION_EXISTS=pthread_create    -rdynamic CMakeFiles/cmTC_def44.dir/CheckFunctionExists.c.o  -o cmTC_def44 -lpthreads 
/usr/bin/ld: cannot find -lpthreads
collect2: error: ld returned 1 exit status
CMakeFiles/cmTC_def44.dir/build.make:97: recipe for target 'cmTC_def44' failed
make[1]: *** [cmTC_def44] Error 1
make[1]: Leaving directory '/home/ringo/selfDrive_ws/build/catkin_tools_prebuild/CMakeFiles/CMakeTmp'
Makefile:126: recipe for target 'cmTC_def44/fast' failed
make: *** [cmTC_def44/fast] Error 2


